<?xml version="1.0" encoding="UTF-8"?>
<testsuite xmlns:xsi="http://www.w3.org/2001/XMLSchema-instance" xsi:noNamespaceSchemaLocation="https://maven.apache.org/surefire/maven-surefire-plugin/xsd/surefire-test-report-3.0.xsd" version="3.0" name="TestSuite" time="19.362" tests="2" errors="0" skipped="0" failures="1">
  <properties>
[...]
</properties>
  <testcase name="searchEPAMInChrome" classname="tests.ChromeTests1" time="7.902">
    <system-out><![CDATA[Google
EPAM | Enterprise Software Development, Design & Consulting
]]></system-out>
    <system-err><![CDATA[Nov 17, 2022 5:08:01 PM org.openqa.selenium.remote.tracing.opentelemetry.OpenTelemetryTracer createTracer
INFO: Using OpenTelemetry for tracing
]]></system-err>
  </testcase>
  <testcase name="launchEPAM" classname="tests.ChromeTests2" time="8.053">
    <failure message="java.lang.AssertionError: expected [true] but found [false]" type="java.lang.RuntimeException"><![CDATA[java.lang.RuntimeException: java.lang.AssertionError: expected [true] but found [false]
	at tests.ChromeTests2.launchEPAM(ChromeTests2.java:71)
Caused by: java.lang.AssertionError: expected [true] but found [false]
	at tests.ChromeTests2.launchEPAM(ChromeTests2.java:67)
]]></failure>
  </testcase>
</testsuite>